{
  "stats": {
    "suites": 3,
    "tests": 3,
    "passes": 3,
    "pending": 0,
    "failures": 0,
    "start": "2021-04-17T20:10:49.504Z",
    "end": "2021-04-17T20:11:43.772Z",
    "duration": 38752,
    "testsRegistered": 3,
    "passPercent": 100,
    "pendingPercent": 0,
    "other": 0,
    "hasOther": false,
    "skipped": 0,
    "hasSkipped": false
  },
  "results": [
    {
      "uuid": "47832aa2-0f24-4384-a7e4-f55a6915f574",
      "title": "",
      "fullFile": "cypress\\integration\\dresses-list.spec.ts",
      "file": "cypress\\integration\\dresses-list.spec.ts",
      "beforeHooks": [],
      "afterHooks": [],
      "tests": [],
      "suites": [
        {
          "uuid": "337c5488-bdd5-49d8-a9e3-aa3fa4ee0379",
          "title": "the user navigates to the dresses page should",
          "fullFile": "",
          "file": "",
          "beforeHooks": [],
          "afterHooks": [],
          "tests": [
            {
              "title": "show the available dresses",
              "fullTitle": "the user navigates to the dresses page should show the available dresses",
              "timedOut": null,
              "duration": 9116,
              "state": "passed",
              "speed": "slow",
              "pass": true,
              "fail": false,
              "pending": false,
              "context": null,
              "code": "var DressesNames = [\"Printed Dress\", \"Printed Dress\", \"Printed Summer Dress\", \"Printed Summer Dress\", \"Printed Chiffon Dress\"];\nmenuContentPage.visitMenuContentPage();\nmenuContentPage.goToDressesMenu();\ndressesListPage.validateItemsNumber(5);\ndressesListPage.validateItemsNames(DressesNames);",
              "err": {},
              "uuid": "ac0ed99e-7409-4d69-96eb-ac51293fc1e7",
              "parentUUID": "337c5488-bdd5-49d8-a9e3-aa3fa4ee0379",
              "isHook": false,
              "skipped": false
            }
          ],
          "suites": [],
          "passes": [
            "ac0ed99e-7409-4d69-96eb-ac51293fc1e7"
          ],
          "failures": [],
          "pending": [],
          "skipped": [],
          "duration": 9116,
          "root": false,
          "rootEmpty": false,
          "_timeout": 2000
        }
      ],
      "passes": [],
      "failures": [],
      "pending": [],
      "skipped": [],
      "duration": 0,
      "root": true,
      "rootEmpty": true,
      "_timeout": 2000
    },
    {
      "uuid": "3fff7713-ef6d-49bf-945f-97f06441a9b9",
      "title": "",
      "fullFile": "cypress\\integration\\google.spec.ts",
      "file": "cypress\\integration\\google.spec.ts",
      "beforeHooks": [],
      "afterHooks": [],
      "tests": [],
      "suites": [
        {
          "uuid": "c9455d70-de82-4974-ac5a-25e7567f3963",
          "title": "This is my first cypress test",
          "fullFile": "",
          "file": "",
          "beforeHooks": [],
          "afterHooks": [],
          "tests": [
            {
              "title": "should have a title",
              "fullTitle": "This is my first cypress test should have a title",
              "timedOut": null,
              "duration": 1936,
              "state": "passed",
              "speed": "slow",
              "pass": true,
              "fail": false,
              "pending": false,
              "context": null,
              "code": "cy.visit(\"https://www.google.com/\");\ncy.title().should(\"eq\", \"Google\");",
              "err": {},
              "uuid": "62c0df13-6a3a-48a0-a0e9-a0d2c1d8acd6",
              "parentUUID": "c9455d70-de82-4974-ac5a-25e7567f3963",
              "isHook": false,
              "skipped": false
            }
          ],
          "suites": [],
          "passes": [
            "62c0df13-6a3a-48a0-a0e9-a0d2c1d8acd6"
          ],
          "failures": [],
          "pending": [],
          "skipped": [],
          "duration": 1936,
          "root": false,
          "rootEmpty": false,
          "_timeout": 2000
        }
      ],
      "passes": [],
      "failures": [],
      "pending": [],
      "skipped": [],
      "duration": 0,
      "root": true,
      "rootEmpty": true,
      "_timeout": 2000
    },
    {
      "uuid": "3d162471-8ed6-4d19-9148-64449c562cd6",
      "title": "",
      "fullFile": "cypress\\integration\\buy-shirt.spec.ts",
      "file": "cypress\\integration\\buy-shirt.spec.ts",
      "beforeHooks": [],
      "afterHooks": [],
      "tests": [],
      "suites": [
        {
          "uuid": "2c1439d2-8698-4c96-9cf9-5c0809b002c5",
          "title": "Buy a t-shirt",
          "fullFile": "",
          "file": "",
          "beforeHooks": [],
          "afterHooks": [],
          "tests": [
            {
              "title": "then the t-shirt should be bought",
              "fullTitle": "Buy a t-shirt then the t-shirt should be bought",
              "timedOut": null,
              "duration": 27700,
              "state": "passed",
              "speed": "slow",
              "pass": true,
              "fail": false,
              "pending": false,
              "context": null,
              "code": "menuContentPage.visitMenuContentPage();\nmenuContentPage.goToTShirtMenu();\n//product\nproductListPage.goAddToCart(\"Faded Short Sleeve\");\nproductListPage.GoToCheckout();\n//shopping\nshoppingCartPage.GoToCheckout();\n//login\nloginPage.insertMail(\"aperdomobo@gmail.com\");\nloginPage.insertPassword(\"WorkshopProtractor\");\nloginPage.login();\n//shipping\nshippingStepPage.goCartNavigation();\n//address\naddressStepPage.ReviewAddress();\naddressStepPage.ConfirmAddress();\n//payment\npaymentStepPage.SelectPayment();\npaymentStepPage.ConfirmPayment();\npaymentStepPage.GetConfirmationMessage()\n    .should(\"have.text\", \"Your order on My Store is complete.\");",
              "err": {},
              "uuid": "e889e6c9-3e9e-4fc1-92eb-2c8bc5bb3b0f",
              "parentUUID": "2c1439d2-8698-4c96-9cf9-5c0809b002c5",
              "isHook": false,
              "skipped": false
            }
          ],
          "suites": [],
          "passes": [
            "e889e6c9-3e9e-4fc1-92eb-2c8bc5bb3b0f"
          ],
          "failures": [],
          "pending": [],
          "skipped": [],
          "duration": 27700,
          "root": false,
          "rootEmpty": false,
          "_timeout": 2000
        }
      ],
      "passes": [],
      "failures": [],
      "pending": [],
      "skipped": [],
      "duration": 0,
      "root": true,
      "rootEmpty": true,
      "_timeout": 2000
    }
  ],
  "meta": {
    "mocha": {
      "version": "7.0.1"
    },
    "mochawesome": {
      "options": {
        "quiet": false,
        "reportFilename": "mochawesome",
        "saveHtml": false,
        "saveJson": true,
        "consoleReporter": "spec",
        "useInlineDiffs": false,
        "code": true
      },
      "version": "6.2.2"
    },
    "marge": {
      "options": {
        "id": "default",
        "reportDir": "cypress/reports/mocha",
        "quite": true,
        "overwrite": false,
        "html": false,
        "json": true
      },
      "version": "5.2.0"
    }
  }
}